<?xml version="1.0" encoding="UTF-8"?>
<!-- Generated by org.testng.reporters.JUnitReportReporter -->
<testsuite hostname="LAPTOP-O75A7T28" failures="0" tests="2" name="testCases.TC001_AccountRegistrationTest" time="5.045" errors="0" timestamp="2026-01-22T16:51:57 IST" skipped="0">
  <testcase classname="testCases.TC001_AccountRegistrationTest" name="verify_account_registration" time="2.091"/>
  <testcase classname="testCases.TC001_AccountRegistrationTest" name="verify_account_registration" time="2.954"/>
</testsuite> <!-- testCases.TC001_AccountRegistrationTest -->
